method=vasp
N = 8
R = 0.5
dir_output = /home/yerin/qdft/hchain/output/N8/vasp_R0.50

run_dft_vasp Done: 0m 2s

method=vasp
N = 8
R = 0.6
dir_output = /home/yerin/qdft/hchain/output/N8/vasp_R0.60

run_dft_vasp Done: 0m 3s

method=vasp
N = 8
R = 0.7
dir_output = /home/yerin/qdft/hchain/output/N8/vasp_R0.70

run_dft_vasp Done: 0m 5s

method=vasp
N = 8
R = 0.8
dir_output = /home/yerin/qdft/hchain/output/N8/vasp_R0.80

run_dft_vasp Done: 0m 4s

method=vasp
N = 8
R = 0.9
dir_output = /home/yerin/qdft/hchain/output/N8/vasp_R0.90

run_dft_vasp Done: 0m 4s

method=vasp
N = 8
R = 1.0
dir_output = /home/yerin/qdft/hchain/output/N8/vasp_R1.00

run_dft_vasp Done: 0m 4s

method=vasp
N = 8
R = 1.1
dir_output = /home/yerin/qdft/hchain/output/N8/vasp_R1.10

run_dft_vasp Done: 0m 5s

method=vasp
N = 8
R = 1.2
dir_output = /home/yerin/qdft/hchain/output/N8/vasp_R1.20

run_dft_vasp Done: 0m 5s

method=vasp
N = 8
R = 1.3
dir_output = /home/yerin/qdft/hchain/output/N8/vasp_R1.30

run_dft_vasp Done: 0m 6s

method=vasp
N = 8
R = 1.4
dir_output = /home/yerin/qdft/hchain/output/N8/vasp_R1.40

run_dft_vasp Done: 0m 6s

method=vasp
N = 8
R = 1.5
dir_output = /home/yerin/qdft/hchain/output/N8/vasp_R1.50

run_dft_vasp Done: 0m 6s

method=vasp
N = 8
R = 1.6
dir_output = /home/yerin/qdft/hchain/output/N8/vasp_R1.60

run_dft_vasp Done: 0m 6s

method=vasp
N = 8
R = 1.7
dir_output = /home/yerin/qdft/hchain/output/N8/vasp_R1.70

run_dft_vasp Done: 0m 7s

method=vasp
N = 8
R = 1.8
dir_output = /home/yerin/qdft/hchain/output/N8/vasp_R1.80

run_dft_vasp Done: 0m 8s

method=vasp
N = 8
R = 1.9
dir_output = /home/yerin/qdft/hchain/output/N8/vasp_R1.90

run_dft_vasp Done: 0m 8s

method=vasp
N = 8
R = 2.0
dir_output = /home/yerin/qdft/hchain/output/N8/vasp_R2.00

run_dft_vasp Done: 0m 7s

method=vasp
N = 8
R = 2.1
dir_output = /home/yerin/qdft/hchain/output/N8/vasp_R2.10

run_dft_vasp Done: 0m 8s

method=vasp
N = 8
R = 2.2
dir_output = /home/yerin/qdft/hchain/output/N8/vasp_R2.20

run_dft_vasp Done: 0m 8s

method=vasp
N = 8
R = 2.3
dir_output = /home/yerin/qdft/hchain/output/N8/vasp_R2.30

run_dft_vasp Done: 0m 6s

method=vasp
N = 8
R = 2.4
dir_output = /home/yerin/qdft/hchain/output/N8/vasp_R2.40

run_dft_vasp Done: 0m 8s

method=vasp
N = 8
R = 2.5
dir_output = /home/yerin/qdft/hchain/output/N8/vasp_R2.50

run_dft_vasp Done: 0m 8s

method=vasp
N = 8
R = 2.6
dir_output = /home/yerin/qdft/hchain/output/N8/vasp_R2.60

run_dft_vasp Done: 0m 8s

method=vasp
N = 8
R = 2.7
dir_output = /home/yerin/qdft/hchain/output/N8/vasp_R2.70

run_dft_vasp Done: 0m 9s

method=vasp
N = 8
R = 2.8
dir_output = /home/yerin/qdft/hchain/output/N8/vasp_R2.80

run_dft_vasp Done: 0m 9s

method=vasp
N = 8
R = 2.9
dir_output = /home/yerin/qdft/hchain/output/N8/vasp_R2.90

run_dft_vasp Done: 0m 9s

method=vasp
N = 8
R = 3.0
dir_output = /home/yerin/qdft/hchain/output/N8/vasp_R3.00

run_dft_vasp Done: 0m 12s


# Time Start   : 2024. 12. 02. (월) 14:15:20 KST
# Time End     : 2024. 12. 02. (월) 14:18:41 KST
# Time Elapsed : 0h 3m 21.269856624s

